python -m torch.distributed.launch --nproc_per_node=4 --use_env Yelp.py
| distributed init (rank 2): env://
| distributed init (rank 0): env://
| distributed init (rank 3): env://
| distributed init (rank 1): env://
Creating dataset
Creating model
reshape position embedding from 256 to 576
reshape position embedding from 256 to 576
load checkpoint from save/pretrained.pth
_IncompatibleKeys(missing_keys=['cls_head.0.weight', 'cls_head.0.bias', 'cls_head.2.weight', 'cls_head.2.bias', 'cls_head_m.0.weight', 'cls_head_m.0.bias', 'cls_head_m.2.weight', 'cls_head_m.2.bias'], unexpected_keys=['temp', 'image_queue', 'text_queue', 'queue_ptr', 'vision_proj.weight', 'vision_proj.bias', 'text_proj.weight', 'text_proj.bias', 'itm_head.weight', 'itm_head.bias', 'vision_proj_m.weight', 'vision_proj_m.bias', 'text_proj_m.weight', 'text_proj_m.bias', 'text_encoder.cls.predictions.bias', 'text_encoder.cls.predictions.transform.dense.weight', 'text_encoder.cls.predictions.transform.dense.bias', 'text_encoder.cls.predictions.transform.LayerNorm.weight', 'text_encoder.cls.predictions.transform.LayerNorm.bias', 'text_encoder.cls.predictions.decoder.weight', 'text_encoder.cls.predictions.decoder.bias', 'text_encoder_m.cls.predictions.bias', 'text_encoder_m.cls.predictions.transform.dense.weight', 'text_encoder_m.cls.predictions.transform.dense.bias', 'text_encoder_m.cls.predictions.transform.LayerNorm.weight', 'text_encoder_m.cls.predictions.transform.LayerNorm.bias', 'text_encoder_m.cls.predictions.decoder.weight', 'text_encoder_m.cls.predictions.decoder.bias'])
Start training
Train Epoch: [0]  [   0/2214]  eta: 1:41:12  lr: 0.000010  loss: 1.6055  time: 2.7426  data: 0.6177  max mem: 6246
Train Epoch: [0]  [  50/2214]  eta: 0:41:42  lr: 0.000010  loss: 1.5314  time: 1.1367  data: 0.0001  max mem: 8789
Train Epoch: [0]  [ 100/2214]  eta: 0:40:47  lr: 0.000010  loss: 1.5378  time: 1.1647  data: 0.0001  max mem: 8836
Train Epoch: [0]  [ 150/2214]  eta: 0:39:53  lr: 0.000020  loss: 1.5041  time: 1.1630  data: 0.0001  max mem: 8836
Train Epoch: [0]  [ 200/2214]  eta: 0:38:55  lr: 0.000020  loss: 1.6672  time: 1.1547  data: 0.0001  max mem: 8836
Train Epoch: [0]  [ 250/2214]  eta: 0:37:52  lr: 0.000020  loss: 1.4311  time: 1.1445  data: 0.0001  max mem: 8836
Train Epoch: [0]  [ 300/2214]  eta: 0:36:49  lr: 0.000020  loss: 1.4060  time: 1.1463  data: 0.0001  max mem: 8836
Train Epoch: [0]  [ 350/2214]  eta: 0:35:48  lr: 0.000020  loss: 1.3077  time: 1.1391  data: 0.0001  max mem: 8836
Train Epoch: [0]  [ 400/2214]  eta: 0:34:46  lr: 0.000020  loss: 1.3864  time: 1.1355  data: 0.0001  max mem: 8836
Train Epoch: [0]  [ 450/2214]  eta: 0:33:46  lr: 0.000020  loss: 1.2230  time: 1.1365  data: 0.0001  max mem: 8836
Train Epoch: [0]  [ 500/2214]  eta: 0:32:46  lr: 0.000020  loss: 0.7360  time: 1.1339  data: 0.0001  max mem: 8836
Train Epoch: [0]  [ 550/2214]  eta: 0:31:47  lr: 0.000020  loss: 1.6184  time: 1.1372  data: 0.0001  max mem: 8836
Train Epoch: [0]  [ 600/2214]  eta: 0:30:48  lr: 0.000020  loss: 1.2114  time: 1.1345  data: 0.0001  max mem: 8836
Train Epoch: [0]  [ 650/2214]  eta: 0:29:50  lr: 0.000020  loss: 1.4150  time: 1.1330  data: 0.0001  max mem: 8836
Train Epoch: [0]  [ 700/2214]  eta: 0:28:51  lr: 0.000020  loss: 1.3881  time: 1.1330  data: 0.0001  max mem: 8836
Train Epoch: [0]  [ 750/2214]  eta: 0:27:53  lr: 0.000020  loss: 1.3416  time: 1.1343  data: 0.0001  max mem: 8853
Train Epoch: [0]  [ 800/2214]  eta: 0:26:55  lr: 0.000020  loss: 1.3702  time: 1.1343  data: 0.0001  max mem: 8853
Train Epoch: [0]  [ 850/2214]  eta: 0:25:58  lr: 0.000020  loss: 1.0576  time: 1.1347  data: 0.0001  max mem: 8853
Train Epoch: [0]  [ 900/2214]  eta: 0:25:00  lr: 0.000020  loss: 1.3976  time: 1.1366  data: 0.0001  max mem: 8853
Train Epoch: [0]  [ 950/2214]  eta: 0:24:03  lr: 0.000020  loss: 1.2793  time: 1.1370  data: 0.0001  max mem: 8853
Train Epoch: [0]  [1000/2214]  eta: 0:23:05  lr: 0.000020  loss: 0.9729  time: 1.1346  data: 0.0001  max mem: 8853
Train Epoch: [0]  [1050/2214]  eta: 0:22:08  lr: 0.000020  loss: 0.7496  time: 1.1334  data: 0.0001  max mem: 8853
Train Epoch: [0]  [1100/2214]  eta: 0:21:10  lr: 0.000020  loss: 1.4373  time: 1.1343  data: 0.0001  max mem: 8853
Train Epoch: [0]  [1150/2214]  eta: 0:20:13  lr: 0.000020  loss: 0.9535  time: 1.1340  data: 0.0001  max mem: 8853
Train Epoch: [0]  [1200/2214]  eta: 0:19:16  lr: 0.000020  loss: 1.3181  time: 1.1321  data: 0.0001  max mem: 8877
Train Epoch: [0]  [1250/2214]  eta: 0:18:18  lr: 0.000020  loss: 1.3391  time: 1.1384  data: 0.0001  max mem: 8877
Train Epoch: [0]  [1300/2214]  eta: 0:17:21  lr: 0.000020  loss: 1.0740  time: 1.1304  data: 0.0001  max mem: 8877
Train Epoch: [0]  [1350/2214]  eta: 0:16:24  lr: 0.000020  loss: 1.0938  time: 1.1345  data: 0.0001  max mem: 8877
Train Epoch: [0]  [1400/2214]  eta: 0:15:27  lr: 0.000020  loss: 1.5827  time: 1.1351  data: 0.0001  max mem: 8877
Train Epoch: [0]  [1450/2214]  eta: 0:14:30  lr: 0.000020  loss: 1.0589  time: 1.1321  data: 0.0001  max mem: 8877
Train Epoch: [0]  [1500/2214]  eta: 0:13:33  lr: 0.000020  loss: 0.8943  time: 1.1342  data: 0.0001  max mem: 8877
Train Epoch: [0]  [1550/2214]  eta: 0:12:36  lr: 0.000020  loss: 1.0209  time: 1.1355  data: 0.0001  max mem: 8877
Train Epoch: [0]  [1600/2214]  eta: 0:11:39  lr: 0.000020  loss: 1.1036  time: 1.1345  data: 0.0001  max mem: 8877
Train Epoch: [0]  [1650/2214]  eta: 0:10:42  lr: 0.000020  loss: 0.7434  time: 1.1348  data: 0.0001  max mem: 8877
Train Epoch: [0]  [1700/2214]  eta: 0:09:45  lr: 0.000020  loss: 1.0718  time: 1.1314  data: 0.0001  max mem: 8877
Train Epoch: [0]  [1750/2214]  eta: 0:08:48  lr: 0.000020  loss: 1.0186  time: 1.1335  data: 0.0001  max mem: 8877
Train Epoch: [0]  [1800/2214]  eta: 0:07:51  lr: 0.000020  loss: 1.2630  time: 1.1341  data: 0.0001  max mem: 8877
Train Epoch: [0]  [1850/2214]  eta: 0:06:54  lr: 0.000020  loss: 1.1367  time: 1.1369  data: 0.0001  max mem: 8877
Train Epoch: [0]  [1900/2214]  eta: 0:05:57  lr: 0.000020  loss: 1.3196  time: 1.1372  data: 0.0001  max mem: 8877
Train Epoch: [0]  [1950/2214]  eta: 0:05:00  lr: 0.000020  loss: 1.2186  time: 1.1354  data: 0.0001  max mem: 8877
Train Epoch: [0]  [2000/2214]  eta: 0:04:03  lr: 0.000020  loss: 0.6190  time: 1.1396  data: 0.0001  max mem: 8877
Train Epoch: [0]  [2050/2214]  eta: 0:03:06  lr: 0.000020  loss: 1.3932  time: 1.1436  data: 0.0001  max mem: 8877
Train Epoch: [0]  [2100/2214]  eta: 0:02:09  lr: 0.000020  loss: 1.1455  time: 1.1359  data: 0.0001  max mem: 8877
Train Epoch: [0]  [2150/2214]  eta: 0:01:12  lr: 0.000020  loss: 0.9005  time: 1.1386  data: 0.0001  max mem: 8877
Train Epoch: [0]  [2200/2214]  eta: 0:00:15  lr: 0.000020  loss: 1.3722  time: 1.1347  data: 0.0001  max mem: 8877
Train Epoch: [0]  [2213/2214]  eta: 0:00:01  lr: 0.000020  loss: 1.5801  time: 1.1354  data: 0.0001  max mem: 8877
Train Epoch: [0] Total time: 0:42:00 (1.1383 s / it)
Averaged stats: lr: 0.0000  loss: 1.2451
Evaluation:  [0/9]  eta: 0:00:52  acc: 0.5938 (0.5938)  time: 5.8410  data: 1.8177  max mem: 8877
Evaluation:  [8/9]  eta: 0:00:03  acc: 0.5000 (0.5162)  time: 3.5077  data: 0.2021  max mem: 8877
Evaluation: Total time: 0:00:31 (3.5228 s / it)
Averaged stats: acc: 0.5194
Evaluation:  [0/2]  eta: 0:00:08  acc: 0.4688 (0.4688)  time: 4.3093  data: 0.9807  max mem: 8877
Evaluation:  [1/2]  eta: 0:00:02  acc: 0.4688 (0.4810)  time: 2.5533  data: 0.4904  max mem: 8877
Evaluation: Total time: 0:00:05 (2.6292 s / it)
Averaged stats: acc: 0.5285
Train Epoch: [1]  [   0/2214]  eta: 1:02:13  lr: 0.000018  loss: 0.9215  time: 1.6862  data: 0.4413  max mem: 9394
Train Epoch: [1]  [  50/2214]  eta: 0:41:09  lr: 0.000018  loss: 0.6959  time: 1.1334  data: 0.0001  max mem: 9671
Train Epoch: [1]  [ 100/2214]  eta: 0:40:04  lr: 0.000018  loss: 0.7650  time: 1.1314  data: 0.0001  max mem: 9671
Train Epoch: [1]  [ 150/2214]  eta: 0:39:05  lr: 0.000018  loss: 1.5916  time: 1.1352  data: 0.0001  max mem: 9671
Train Epoch: [1]  [ 200/2214]  eta: 0:38:08  lr: 0.000018  loss: 0.6991  time: 1.1342  data: 0.0001  max mem: 9671
Train Epoch: [1]  [ 250/2214]  eta: 0:37:11  lr: 0.000018  loss: 0.9917  time: 1.1377  data: 0.0001  max mem: 9671
Train Epoch: [1]  [ 300/2214]  eta: 0:36:15  lr: 0.000018  loss: 0.9291  time: 1.1417  data: 0.0001  max mem: 9671
Train Epoch: [1]  [ 350/2214]  eta: 0:35:19  lr: 0.000018  loss: 1.1915  time: 1.1401  data: 0.0001  max mem: 9671
Train Epoch: [1]  [ 400/2214]  eta: 0:34:22  lr: 0.000018  loss: 0.8284  time: 1.1384  data: 0.0001  max mem: 9671
Train Epoch: [1]  [ 450/2214]  eta: 0:33:26  lr: 0.000018  loss: 1.3270  time: 1.1363  data: 0.0001  max mem: 9671
Train Epoch: [1]  [ 500/2214]  eta: 0:32:29  lr: 0.000018  loss: 0.6293  time: 1.1394  data: 0.0001  max mem: 9671
Train Epoch: [1]  [ 550/2214]  eta: 0:31:32  lr: 0.000018  loss: 0.9075  time: 1.1403  data: 0.0001  max mem: 9671
Train Epoch: [1]  [ 600/2214]  eta: 0:30:36  lr: 0.000018  loss: 0.7491  time: 1.1411  data: 0.0001  max mem: 9671
Train Epoch: [1]  [ 650/2214]  eta: 0:29:39  lr: 0.000018  loss: 0.6059  time: 1.1418  data: 0.0001  max mem: 9671
Train Epoch: [1]  [ 700/2214]  eta: 0:28:42  lr: 0.000018  loss: 1.1700  time: 1.1394  data: 0.0001  max mem: 9671
Train Epoch: [1]  [ 750/2214]  eta: 0:27:46  lr: 0.000018  loss: 0.9385  time: 1.1378  data: 0.0001  max mem: 9671
Train Epoch: [1]  [ 800/2214]  eta: 0:26:49  lr: 0.000018  loss: 1.1578  time: 1.1365  data: 0.0001  max mem: 9671
Train Epoch: [1]  [ 850/2214]  eta: 0:25:52  lr: 0.000018  loss: 0.9760  time: 1.1382  data: 0.0001  max mem: 9671
Train Epoch: [1]  [ 900/2214]  eta: 0:24:55  lr: 0.000018  loss: 1.4027  time: 1.1406  data: 0.0001  max mem: 9671
Train Epoch: [1]  [ 950/2214]  eta: 0:23:58  lr: 0.000018  loss: 0.7117  time: 1.1396  data: 0.0001  max mem: 9671
Train Epoch: [1]  [1000/2214]  eta: 0:23:01  lr: 0.000018  loss: 1.0084  time: 1.1376  data: 0.0001  max mem: 9671
Train Epoch: [1]  [1050/2214]  eta: 0:22:04  lr: 0.000018  loss: 0.9446  time: 1.1397  data: 0.0001  max mem: 9671
Train Epoch: [1]  [1100/2214]  eta: 0:21:07  lr: 0.000018  loss: 1.2379  time: 1.1328  data: 0.0001  max mem: 9671
Train Epoch: [1]  [1150/2214]  eta: 0:20:10  lr: 0.000018  loss: 0.8661  time: 1.1357  data: 0.0001  max mem: 9671
Train Epoch: [1]  [1200/2214]  eta: 0:19:13  lr: 0.000018  loss: 1.5297  time: 1.1370  data: 0.0001  max mem: 9671
Train Epoch: [1]  [1250/2214]  eta: 0:18:16  lr: 0.000018  loss: 0.8233  time: 1.1343  data: 0.0001  max mem: 9671
Train Epoch: [1]  [1300/2214]  eta: 0:17:19  lr: 0.000018  loss: 0.8408  time: 1.1350  data: 0.0001  max mem: 9671
Train Epoch: [1]  [1350/2214]  eta: 0:16:22  lr: 0.000018  loss: 1.1429  time: 1.1342  data: 0.0001  max mem: 9671
Train Epoch: [1]  [1400/2214]  eta: 0:15:25  lr: 0.000018  loss: 1.1653  time: 1.1355  data: 0.0001  max mem: 9671
Train Epoch: [1]  [1450/2214]  eta: 0:14:28  lr: 0.000018  loss: 1.2703  time: 1.1342  data: 0.0001  max mem: 9671
Train Epoch: [1]  [1500/2214]  eta: 0:13:31  lr: 0.000018  loss: 0.7587  time: 1.1329  data: 0.0001  max mem: 9671
Train Epoch: [1]  [1550/2214]  eta: 0:12:34  lr: 0.000018  loss: 1.0630  time: 1.1358  data: 0.0001  max mem: 9671
Train Epoch: [1]  [1600/2214]  eta: 0:11:38  lr: 0.000018  loss: 0.6931  time: 1.1340  data: 0.0001  max mem: 9671
Train Epoch: [1]  [1650/2214]  eta: 0:10:41  lr: 0.000018  loss: 1.3020  time: 1.1324  data: 0.0001  max mem: 9671
Train Epoch: [1]  [1700/2214]  eta: 0:09:44  lr: 0.000018  loss: 0.5019  time: 1.1345  data: 0.0001  max mem: 9671
Train Epoch: [1]  [1750/2214]  eta: 0:08:47  lr: 0.000018  loss: 1.1237  time: 1.1346  data: 0.0001  max mem: 9671
Train Epoch: [1]  [1800/2214]  eta: 0:07:50  lr: 0.000018  loss: 0.7154  time: 1.1352  data: 0.0001  max mem: 9671
Train Epoch: [1]  [1850/2214]  eta: 0:06:53  lr: 0.000018  loss: 1.0118  time: 1.1335  data: 0.0001  max mem: 9671
Train Epoch: [1]  [1900/2214]  eta: 0:05:56  lr: 0.000018  loss: 0.9740  time: 1.1338  data: 0.0001  max mem: 9671
Train Epoch: [1]  [1950/2214]  eta: 0:05:00  lr: 0.000018  loss: 0.7255  time: 1.1373  data: 0.0001  max mem: 9680
Train Epoch: [1]  [2000/2214]  eta: 0:04:03  lr: 0.000018  loss: 0.7031  time: 1.1327  data: 0.0001  max mem: 9680
Train Epoch: [1]  [2050/2214]  eta: 0:03:06  lr: 0.000018  loss: 1.1768  time: 1.1324  data: 0.0001  max mem: 9680
Train Epoch: [1]  [2100/2214]  eta: 0:02:09  lr: 0.000018  loss: 0.9469  time: 1.1359  data: 0.0001  max mem: 9680
Train Epoch: [1]  [2150/2214]  eta: 0:01:12  lr: 0.000018  loss: 0.4991  time: 1.1345  data: 0.0001  max mem: 9680
Train Epoch: [1]  [2200/2214]  eta: 0:00:15  lr: 0.000018  loss: 0.8101  time: 1.1367  data: 0.0001  max mem: 9680
Train Epoch: [1]  [2213/2214]  eta: 0:00:01  lr: 0.000018  loss: 0.5916  time: 1.1340  data: 0.0001  max mem: 9680
Train Epoch: [1] Total time: 0:41:55 (1.1364 s / it)
Averaged stats: lr: 0.0000  loss: 1.0014
Evaluation:  [0/9]  eta: 0:00:42  acc: 0.5312 (0.5312)  time: 4.7082  data: 1.3408  max mem: 9680
Evaluation:  [8/9]  eta: 0:00:03  acc: 0.5625 (0.5487)  time: 3.3704  data: 0.1491  max mem: 9680
Evaluation: Total time: 0:00:30 (3.3871 s / it)
Averaged stats: acc: 0.5266
Evaluation:  [0/2]  eta: 0:00:09  acc: 0.5938 (0.5938)  time: 4.6696  data: 1.3364  max mem: 9680
Evaluation:  [1/2]  eta: 0:00:02  acc: 0.3333 (0.5443)  time: 2.6972  data: 0.6683  max mem: 9680
Evaluation: Total time: 0:00:05 (2.7688 s / it)
Averaged stats: acc: 0.5538
Train Epoch: [2]  [   0/2214]  eta: 1:01:31  lr: 0.000013  loss: 0.6978  time: 1.6672  data: 0.6116  max mem: 9680
Train Epoch: [2]  [  50/2214]  eta: 0:41:08  lr: 0.000013  loss: 1.3882  time: 1.1350  data: 0.0001  max mem: 9680
Train Epoch: [2]  [ 100/2214]  eta: 0:40:05  lr: 0.000013  loss: 0.9509  time: 1.1333  data: 0.0001  max mem: 9680
Train Epoch: [2]  [ 150/2214]  eta: 0:39:08  lr: 0.000013  loss: 0.7905  time: 1.1393  data: 0.0001  max mem: 9680
Train Epoch: [2]  [ 200/2214]  eta: 0:38:10  lr: 0.000013  loss: 0.8684  time: 1.1344  data: 0.0001  max mem: 9680
Train Epoch: [2]  [ 250/2214]  eta: 0:37:13  lr: 0.000013  loss: 0.8768  time: 1.1371  data: 0.0001  max mem: 9680
Train Epoch: [2]  [ 300/2214]  eta: 0:36:15  lr: 0.000013  loss: 0.6186  time: 1.1352  data: 0.0001  max mem: 9680
Train Epoch: [2]  [ 350/2214]  eta: 0:35:19  lr: 0.000013  loss: 0.6577  time: 1.1366  data: 0.0001  max mem: 9680
Train Epoch: [2]  [ 400/2214]  eta: 0:34:22  lr: 0.000013  loss: 0.9641  time: 1.1385  data: 0.0001  max mem: 9680
Train Epoch: [2]  [ 450/2214]  eta: 0:33:25  lr: 0.000013  loss: 0.7295  time: 1.1348  data: 0.0001  max mem: 9680
Train Epoch: [2]  [ 500/2214]  eta: 0:32:28  lr: 0.000013  loss: 0.6341  time: 1.1345  data: 0.0001  max mem: 9680
Train Epoch: [2]  [ 550/2214]  eta: 0:31:31  lr: 0.000013  loss: 0.8624  time: 1.1335  data: 0.0001  max mem: 9680
Train Epoch: [2]  [ 600/2214]  eta: 0:30:33  lr: 0.000013  loss: 0.4354  time: 1.1341  data: 0.0001  max mem: 9680
Train Epoch: [2]  [ 650/2214]  eta: 0:29:37  lr: 0.000013  loss: 0.3616  time: 1.1334  data: 0.0001  max mem: 9680
Train Epoch: [2]  [ 700/2214]  eta: 0:28:40  lr: 0.000013  loss: 0.5272  time: 1.1373  data: 0.0001  max mem: 9680
Train Epoch: [2]  [ 750/2214]  eta: 0:27:43  lr: 0.000013  loss: 0.8586  time: 1.1352  data: 0.0001  max mem: 9680
Train Epoch: [2]  [ 800/2214]  eta: 0:26:46  lr: 0.000013  loss: 0.3628  time: 1.1390  data: 0.0001  max mem: 9680
Train Epoch: [2]  [ 850/2214]  eta: 0:25:49  lr: 0.000013  loss: 0.6792  time: 1.1371  data: 0.0001  max mem: 9680
Train Epoch: [2]  [ 900/2214]  eta: 0:24:52  lr: 0.000013  loss: 0.7617  time: 1.1354  data: 0.0001  max mem: 9680
Train Epoch: [2]  [ 950/2214]  eta: 0:23:55  lr: 0.000013  loss: 0.7052  time: 1.1347  data: 0.0001  max mem: 9680
Train Epoch: [2]  [1000/2214]  eta: 0:22:58  lr: 0.000013  loss: 1.0203  time: 1.1324  data: 0.0001  max mem: 9680
Train Epoch: [2]  [1050/2214]  eta: 0:22:01  lr: 0.000013  loss: 0.6525  time: 1.1348  data: 0.0001  max mem: 9680
Train Epoch: [2]  [1100/2214]  eta: 0:21:05  lr: 0.000013  loss: 1.0469  time: 1.1350  data: 0.0001  max mem: 9680
Train Epoch: [2]  [1150/2214]  eta: 0:20:08  lr: 0.000013  loss: 0.9552  time: 1.1357  data: 0.0001  max mem: 9680
Train Epoch: [2]  [1200/2214]  eta: 0:19:11  lr: 0.000013  loss: 1.0019  time: 1.1355  data: 0.0001  max mem: 9680
Train Epoch: [2]  [1250/2214]  eta: 0:18:14  lr: 0.000013  loss: 0.6528  time: 1.1353  data: 0.0001  max mem: 9680
Train Epoch: [2]  [1300/2214]  eta: 0:17:17  lr: 0.000013  loss: 0.8799  time: 1.1358  data: 0.0001  max mem: 9680
Train Epoch: [2]  [1350/2214]  eta: 0:16:21  lr: 0.000013  loss: 1.1813  time: 1.1342  data: 0.0001  max mem: 9680
Train Epoch: [2]  [1400/2214]  eta: 0:15:24  lr: 0.000013  loss: 1.0261  time: 1.1368  data: 0.0001  max mem: 9680
Train Epoch: [2]  [1450/2214]  eta: 0:14:27  lr: 0.000013  loss: 1.2370  time: 1.1345  data: 0.0001  max mem: 9680
Train Epoch: [2]  [1500/2214]  eta: 0:13:30  lr: 0.000013  loss: 0.9770  time: 1.1331  data: 0.0001  max mem: 9680
Train Epoch: [2]  [1550/2214]  eta: 0:12:33  lr: 0.000013  loss: 1.0081  time: 1.1371  data: 0.0001  max mem: 9680
Train Epoch: [2]  [1600/2214]  eta: 0:11:37  lr: 0.000013  loss: 0.5884  time: 1.1318  data: 0.0001  max mem: 9690
Train Epoch: [2]  [1650/2214]  eta: 0:10:40  lr: 0.000013  loss: 0.5850  time: 1.1340  data: 0.0001  max mem: 9690
Train Epoch: [2]  [1700/2214]  eta: 0:09:43  lr: 0.000013  loss: 0.5710  time: 1.1345  data: 0.0001  max mem: 9690
Train Epoch: [2]  [1750/2214]  eta: 0:08:46  lr: 0.000013  loss: 0.7520  time: 1.1313  data: 0.0001  max mem: 9690
Train Epoch: [2]  [1800/2214]  eta: 0:07:50  lr: 0.000013  loss: 0.7155  time: 1.1338  data: 0.0001  max mem: 9690
Train Epoch: [2]  [1850/2214]  eta: 0:06:53  lr: 0.000013  loss: 0.2433  time: 1.1343  data: 0.0001  max mem: 9690
Train Epoch: [2]  [1900/2214]  eta: 0:05:56  lr: 0.000013  loss: 0.8035  time: 1.1327  data: 0.0001  max mem: 9690
Train Epoch: [2]  [1950/2214]  eta: 0:04:59  lr: 0.000013  loss: 1.0530  time: 1.1348  data: 0.0001  max mem: 9690
Train Epoch: [2]  [2000/2214]  eta: 0:04:02  lr: 0.000013  loss: 0.6285  time: 1.1351  data: 0.0001  max mem: 9690
Train Epoch: [2]  [2050/2214]  eta: 0:03:06  lr: 0.000013  loss: 0.9245  time: 1.1326  data: 0.0001  max mem: 9690
Train Epoch: [2]  [2100/2214]  eta: 0:02:09  lr: 0.000013  loss: 0.7450  time: 1.1341  data: 0.0001  max mem: 9690
Train Epoch: [2]  [2150/2214]  eta: 0:01:12  lr: 0.000013  loss: 0.7090  time: 1.1330  data: 0.0001  max mem: 9690
Train Epoch: [2]  [2200/2214]  eta: 0:00:15  lr: 0.000013  loss: 0.7650  time: 1.1363  data: 0.0001  max mem: 9690
Train Epoch: [2]  [2213/2214]  eta: 0:00:01  lr: 0.000013  loss: 0.8204  time: 1.1326  data: 0.0001  max mem: 9690
Train Epoch: [2] Total time: 0:41:53 (1.1353 s / it)
Averaged stats: lr: 0.0000  loss: 0.8307
Evaluation:  [0/9]  eta: 0:00:50  acc: 0.6094 (0.6094)  time: 5.6299  data: 2.1434  max mem: 9690
Evaluation:  [8/9]  eta: 0:00:03  acc: 0.5625 (0.5505)  time: 3.4658  data: 0.2383  max mem: 9690
Evaluation: Total time: 0:00:31 (3.4852 s / it)
Averaged stats: acc: 0.5338
Evaluation:  [0/2]  eta: 0:00:08  acc: 0.5469 (0.5469)  time: 4.4877  data: 1.1651  max mem: 9690
Evaluation:  [1/2]  eta: 0:00:02  acc: 0.4000 (0.5190)  time: 2.6028  data: 0.5826  max mem: 9690
Evaluation: Total time: 0:00:05 (2.6817 s / it)
Averaged stats: acc: 0.5348
Train Epoch: [3]  [   0/2214]  eta: 1:03:03  lr: 0.000008  loss: 1.3449  time: 1.7088  data: 0.6560  max mem: 9690
Train Epoch: [3]  [  50/2214]  eta: 0:41:10  lr: 0.000008  loss: 0.5769  time: 1.1347  data: 0.0001  max mem: 9690
Train Epoch: [3]  [ 100/2214]  eta: 0:40:10  lr: 0.000008  loss: 0.6599  time: 1.1410  data: 0.0001  max mem: 9690
Train Epoch: [3]  [ 150/2214]  eta: 0:39:12  lr: 0.000008  loss: 1.3853  time: 1.1397  data: 0.0001  max mem: 9690
Train Epoch: [3]  [ 200/2214]  eta: 0:38:15  lr: 0.000008  loss: 0.5571  time: 1.1412  data: 0.0001  max mem: 9690
Train Epoch: [3]  [ 250/2214]  eta: 0:37:19  lr: 0.000008  loss: 0.5682  time: 1.1406  data: 0.0001  max mem: 9690
Train Epoch: [3]  [ 300/2214]  eta: 0:36:21  lr: 0.000008  loss: 0.5657  time: 1.1374  data: 0.0001  max mem: 9690
Train Epoch: [3]  [ 350/2214]  eta: 0:35:23  lr: 0.000008  loss: 1.2647  time: 1.1345  data: 0.0001  max mem: 9690
Train Epoch: [3]  [ 400/2214]  eta: 0:34:25  lr: 0.000008  loss: 1.0365  time: 1.1347  data: 0.0001  max mem: 9690
Train Epoch: [3]  [ 450/2214]  eta: 0:33:28  lr: 0.000008  loss: 0.5658  time: 1.1366  data: 0.0001  max mem: 9690
Train Epoch: [3]  [ 500/2214]  eta: 0:32:31  lr: 0.000008  loss: 0.6317  time: 1.1373  data: 0.0001  max mem: 9690
Train Epoch: [3]  [ 550/2214]  eta: 0:31:33  lr: 0.000008  loss: 0.4493  time: 1.1353  data: 0.0001  max mem: 9690
Train Epoch: [3]  [ 600/2214]  eta: 0:30:36  lr: 0.000008  loss: 0.4512  time: 1.1336  data: 0.0001  max mem: 9690
Train Epoch: [3]  [ 650/2214]  eta: 0:29:39  lr: 0.000008  loss: 0.7399  time: 1.1366  data: 0.0001  max mem: 9690
Train Epoch: [3]  [ 700/2214]  eta: 0:28:42  lr: 0.000008  loss: 0.4982  time: 1.1357  data: 0.0001  max mem: 9690
Train Epoch: [3]  [ 750/2214]  eta: 0:27:45  lr: 0.000008  loss: 0.8633  time: 1.1373  data: 0.0001  max mem: 9690
Train Epoch: [3]  [ 800/2214]  eta: 0:26:48  lr: 0.000008  loss: 0.3748  time: 1.1389  data: 0.0001  max mem: 9690
Train Epoch: [3]  [ 850/2214]  eta: 0:25:51  lr: 0.000008  loss: 0.6277  time: 1.1359  data: 0.0001  max mem: 9690
Train Epoch: [3]  [ 900/2214]  eta: 0:24:54  lr: 0.000008  loss: 0.2992  time: 1.1340  data: 0.0001  max mem: 9690
Train Epoch: [3]  [ 950/2214]  eta: 0:23:57  lr: 0.000008  loss: 0.6623  time: 1.1353  data: 0.0001  max mem: 9690
Train Epoch: [3]  [1000/2214]  eta: 0:23:00  lr: 0.000008  loss: 0.6510  time: 1.1332  data: 0.0001  max mem: 9690
Train Epoch: [3]  [1050/2214]  eta: 0:22:03  lr: 0.000008  loss: 0.7022  time: 1.1362  data: 0.0001  max mem: 9690
Train Epoch: [3]  [1100/2214]  eta: 0:21:06  lr: 0.000008  loss: 0.4808  time: 1.1316  data: 0.0001  max mem: 9690
Train Epoch: [3]  [1150/2214]  eta: 0:20:09  lr: 0.000008  loss: 0.3921  time: 1.1357  data: 0.0001  max mem: 9690
Train Epoch: [3]  [1200/2214]  eta: 0:19:12  lr: 0.000008  loss: 1.5114  time: 1.1366  data: 0.0001  max mem: 9690
Train Epoch: [3]  [1250/2214]  eta: 0:18:15  lr: 0.000008  loss: 0.5894  time: 1.1379  data: 0.0001  max mem: 9690
Train Epoch: [3]  [1300/2214]  eta: 0:17:18  lr: 0.000008  loss: 0.3883  time: 1.1362  data: 0.0001  max mem: 9690
Train Epoch: [3]  [1350/2214]  eta: 0:16:21  lr: 0.000008  loss: 0.7529  time: 1.1331  data: 0.0001  max mem: 9690
Train Epoch: [3]  [1400/2214]  eta: 0:15:25  lr: 0.000008  loss: 0.2541  time: 1.1351  data: 0.0001  max mem: 9690
Train Epoch: [3]  [1450/2214]  eta: 0:14:28  lr: 0.000008  loss: 0.1889  time: 1.1345  data: 0.0001  max mem: 9690
Train Epoch: [3]  [1500/2214]  eta: 0:13:31  lr: 0.000008  loss: 0.5965  time: 1.1367  data: 0.0001  max mem: 9690
Train Epoch: [3]  [1550/2214]  eta: 0:12:34  lr: 0.000008  loss: 0.6506  time: 1.1346  data: 0.0001  max mem: 9690
Train Epoch: [3]  [1600/2214]  eta: 0:11:37  lr: 0.000008  loss: 0.5825  time: 1.1355  data: 0.0001  max mem: 9690
Train Epoch: [3]  [1650/2214]  eta: 0:10:40  lr: 0.000008  loss: 0.7472  time: 1.1328  data: 0.0001  max mem: 9690
Train Epoch: [3]  [1700/2214]  eta: 0:09:44  lr: 0.000008  loss: 0.6351  time: 1.1339  data: 0.0001  max mem: 9690
Train Epoch: [3]  [1750/2214]  eta: 0:08:47  lr: 0.000008  loss: 0.2948  time: 1.1360  data: 0.0001  max mem: 9690
Train Epoch: [3]  [1800/2214]  eta: 0:07:50  lr: 0.000008  loss: 0.9145  time: 1.1344  data: 0.0001  max mem: 9690
Train Epoch: [3]  [1850/2214]  eta: 0:06:53  lr: 0.000008  loss: 0.4106  time: 1.1319  data: 0.0001  max mem: 9690
Train Epoch: [3]  [1900/2214]  eta: 0:05:56  lr: 0.000008  loss: 0.4851  time: 1.1339  data: 0.0001  max mem: 9690
Train Epoch: [3]  [1950/2214]  eta: 0:04:59  lr: 0.000008  loss: 0.2431  time: 1.1334  data: 0.0001  max mem: 9690
Train Epoch: [3]  [2000/2214]  eta: 0:04:03  lr: 0.000008  loss: 0.6152  time: 1.1328  data: 0.0001  max mem: 9690
Train Epoch: [3]  [2050/2214]  eta: 0:03:06  lr: 0.000008  loss: 0.5179  time: 1.1372  data: 0.0001  max mem: 9690
Train Epoch: [3]  [2100/2214]  eta: 0:02:09  lr: 0.000008  loss: 0.3232  time: 1.1396  data: 0.0001  max mem: 9690
Train Epoch: [3]  [2150/2214]  eta: 0:01:12  lr: 0.000008  loss: 0.3524  time: 1.1363  data: 0.0001  max mem: 9690
Train Epoch: [3]  [2200/2214]  eta: 0:00:15  lr: 0.000008  loss: 0.8170  time: 1.1342  data: 0.0001  max mem: 9690
Train Epoch: [3]  [2213/2214]  eta: 0:00:01  lr: 0.000008  loss: 0.3565  time: 1.1353  data: 0.0001  max mem: 9690
Train Epoch: [3] Total time: 0:41:55 (1.1360 s / it)
Averaged stats: lr: 0.0000  loss: 0.6410
Evaluation:  [0/9]  eta: 0:00:53  acc: 0.6250 (0.6250)  time: 5.9161  data: 2.5061  max mem: 9690
Evaluation:  [8/9]  eta: 0:00:03  acc: 0.5476 (0.5542)  time: 3.5079  data: 0.2786  max mem: 9690
Evaluation: Total time: 0:00:31 (3.5272 s / it)
Averaged stats: acc: 0.5397
Evaluation:  [0/2]  eta: 0:00:08  acc: 0.5469 (0.5469)  time: 4.4885  data: 1.1553  max mem: 9690
Evaluation:  [1/2]  eta: 0:00:02  acc: 0.5333 (0.5443)  time: 2.6037  data: 0.5777  max mem: 9690
Evaluation: Total time: 0:00:05 (2.6798 s / it)
Averaged stats: acc: 0.5222
Train Epoch: [4]  [   0/2214]  eta: 1:02:19  lr: 0.000003  loss: 0.8449  time: 1.6891  data: 0.6344  max mem: 9690
Train Epoch: [4]  [  50/2214]  eta: 0:41:11  lr: 0.000003  loss: 0.1913  time: 1.1377  data: 0.0001  max mem: 9690
Train Epoch: [4]  [ 100/2214]  eta: 0:40:08  lr: 0.000003  loss: 0.6783  time: 1.1360  data: 0.0001  max mem: 9690
Train Epoch: [4]  [ 150/2214]  eta: 0:39:10  lr: 0.000003  loss: 0.6665  time: 1.1386  data: 0.0001  max mem: 9690
Train Epoch: [4]  [ 200/2214]  eta: 0:38:13  lr: 0.000003  loss: 1.0132  time: 1.1400  data: 0.0001  max mem: 9690
Train Epoch: [4]  [ 250/2214]  eta: 0:37:15  lr: 0.000003  loss: 0.8111  time: 1.1358  data: 0.0001  max mem: 9690
Train Epoch: [4]  [ 300/2214]  eta: 0:36:18  lr: 0.000003  loss: 0.4756  time: 1.1366  data: 0.0001  max mem: 9690
Train Epoch: [4]  [ 350/2214]  eta: 0:35:20  lr: 0.000003  loss: 0.5497  time: 1.1348  data: 0.0001  max mem: 9690
Train Epoch: [4]  [ 400/2214]  eta: 0:34:23  lr: 0.000003  loss: 0.4241  time: 1.1349  data: 0.0001  max mem: 9690
Train Epoch: [4]  [ 450/2214]  eta: 0:33:25  lr: 0.000003  loss: 0.4335  time: 1.1334  data: 0.0001  max mem: 9690
Train Epoch: [4]  [ 500/2214]  eta: 0:32:28  lr: 0.000003  loss: 0.1253  time: 1.1357  data: 0.0001  max mem: 9690
Train Epoch: [4]  [ 550/2214]  eta: 0:31:31  lr: 0.000003  loss: 0.5802  time: 1.1376  data: 0.0001  max mem: 9690
Train Epoch: [4]  [ 600/2214]  eta: 0:30:34  lr: 0.000003  loss: 0.3554  time: 1.1348  data: 0.0001  max mem: 9690
Train Epoch: [4]  [ 650/2214]  eta: 0:29:37  lr: 0.000003  loss: 1.1879  time: 1.1386  data: 0.0001  max mem: 9690
Train Epoch: [4]  [ 700/2214]  eta: 0:28:40  lr: 0.000003  loss: 0.6689  time: 1.1338  data: 0.0001  max mem: 9690
Train Epoch: [4]  [ 750/2214]  eta: 0:27:43  lr: 0.000003  loss: 0.2777  time: 1.1361  data: 0.0001  max mem: 9690
Train Epoch: [4]  [ 800/2214]  eta: 0:26:46  lr: 0.000003  loss: 0.2283  time: 1.1342  data: 0.0001  max mem: 9690
Train Epoch: [4]  [ 850/2214]  eta: 0:25:49  lr: 0.000003  loss: 0.2564  time: 1.1336  data: 0.0001  max mem: 9690
Train Epoch: [4]  [ 900/2214]  eta: 0:24:52  lr: 0.000003  loss: 0.3067  time: 1.1360  data: 0.0001  max mem: 9690
Train Epoch: [4]  [ 950/2214]  eta: 0:23:55  lr: 0.000003  loss: 0.4043  time: 1.1332  data: 0.0001  max mem: 9690
Train Epoch: [4]  [1000/2214]  eta: 0:22:58  lr: 0.000003  loss: 0.5603  time: 1.1347  data: 0.0001  max mem: 9690
Train Epoch: [4]  [1050/2214]  eta: 0:22:02  lr: 0.000003  loss: 0.4895  time: 1.1340  data: 0.0001  max mem: 9690
Train Epoch: [4]  [1100/2214]  eta: 0:21:05  lr: 0.000003  loss: 0.2212  time: 1.1349  data: 0.0001  max mem: 9690
Train Epoch: [4]  [1150/2214]  eta: 0:20:08  lr: 0.000003  loss: 0.6808  time: 1.1338  data: 0.0001  max mem: 9690
Train Epoch: [4]  [1200/2214]  eta: 0:19:11  lr: 0.000003  loss: 0.3723  time: 1.1346  data: 0.0001  max mem: 9690
Train Epoch: [4]  [1250/2214]  eta: 0:18:14  lr: 0.000003  loss: 0.2026  time: 1.1328  data: 0.0001  max mem: 9690
Train Epoch: [4]  [1300/2214]  eta: 0:17:17  lr: 0.000003  loss: 0.6485  time: 1.1318  data: 0.0001  max mem: 9690
Train Epoch: [4]  [1350/2214]  eta: 0:16:21  lr: 0.000003  loss: 0.9329  time: 1.1377  data: 0.0001  max mem: 9690
Train Epoch: [4]  [1400/2214]  eta: 0:15:24  lr: 0.000003  loss: 0.6102  time: 1.1357  data: 0.0001  max mem: 9690
Train Epoch: [4]  [1450/2214]  eta: 0:14:27  lr: 0.000003  loss: 0.2875  time: 1.1334  data: 0.0001  max mem: 9690
Train Epoch: [4]  [1500/2214]  eta: 0:13:30  lr: 0.000003  loss: 1.0059  time: 1.1333  data: 0.0001  max mem: 9690
Train Epoch: [4]  [1550/2214]  eta: 0:12:33  lr: 0.000003  loss: 0.7920  time: 1.1323  data: 0.0001  max mem: 9690
Train Epoch: [4]  [1600/2214]  eta: 0:11:36  lr: 0.000003  loss: 0.7105  time: 1.1342  data: 0.0001  max mem: 9690
Train Epoch: [4]  [1650/2214]  eta: 0:10:40  lr: 0.000003  loss: 0.1267  time: 1.1352  data: 0.0001  max mem: 9690
Train Epoch: [4]  [1700/2214]  eta: 0:09:43  lr: 0.000003  loss: 0.2088  time: 1.1342  data: 0.0001  max mem: 9690
Train Epoch: [4]  [1750/2214]  eta: 0:08:46  lr: 0.000003  loss: 0.3868  time: 1.1355  data: 0.0001  max mem: 9690
Train Epoch: [4]  [1800/2214]  eta: 0:07:49  lr: 0.000003  loss: 0.8754  time: 1.1339  data: 0.0001  max mem: 9690
Train Epoch: [4]  [1850/2214]  eta: 0:06:53  lr: 0.000003  loss: 0.2296  time: 1.1348  data: 0.0001  max mem: 9690
Train Epoch: [4]  [1900/2214]  eta: 0:05:56  lr: 0.000003  loss: 0.7403  time: 1.1350  data: 0.0001  max mem: 9690
Train Epoch: [4]  [1950/2214]  eta: 0:04:59  lr: 0.000003  loss: 0.3178  time: 1.1359  data: 0.0001  max mem: 9690
Train Epoch: [4]  [2000/2214]  eta: 0:04:02  lr: 0.000003  loss: 0.8775  time: 1.1366  data: 0.0001  max mem: 9690
Train Epoch: [4]  [2050/2214]  eta: 0:03:06  lr: 0.000003  loss: 0.2988  time: 1.1322  data: 0.0001  max mem: 9690
Train Epoch: [4]  [2100/2214]  eta: 0:02:09  lr: 0.000003  loss: 0.2970  time: 1.1323  data: 0.0001  max mem: 9690
Train Epoch: [4]  [2150/2214]  eta: 0:01:12  lr: 0.000003  loss: 0.4917  time: 1.1325  data: 0.0001  max mem: 9690
Train Epoch: [4]  [2200/2214]  eta: 0:00:15  lr: 0.000003  loss: 0.4821  time: 1.1341  data: 0.0001  max mem: 9690
Train Epoch: [4]  [2213/2214]  eta: 0:00:01  lr: 0.000003  loss: 1.4334  time: 1.1348  data: 0.0001  max mem: 9690
Train Epoch: [4] Total time: 0:41:52 (1.1350 s / it)
Averaged stats: lr: 0.0000  loss: 0.5052
Evaluation:  [0/9]  eta: 0:00:50  acc: 0.5938 (0.5938)  time: 5.6614  data: 2.2496  max mem: 9690
Evaluation:  [8/9]  eta: 0:00:03  acc: 0.5312 (0.5397)  time: 3.4711  data: 0.2501  max mem: 9690
Evaluation: Total time: 0:00:31 (3.4907 s / it)
Averaged stats: acc: 0.5298
Evaluation:  [0/2]  eta: 0:00:08  acc: 0.5156 (0.5156)  time: 4.4740  data: 1.1608  max mem: 9690
Evaluation:  [1/2]  eta: 0:00:02  acc: 0.3333 (0.4810)  time: 2.5965  data: 0.5804  max mem: 9690
Evaluation: Total time: 0:00:05 (2.6823 s / it)
Averaged stats: acc: 0.5285
Training time 3:33:34
*****************************************
Setting OMP_NUM_THREADS environment variable for each process to be 1 in default, to avoid your system being overloaded, please further tune the variable for optimal performance in your application as needed. 
*****************************************
